#
# A fatal error has been detected by the Java Runtime Environment:
#
#  SIGSEGV (0xb) at pc=0x00000001248122df, pid=78536, tid=0x000000000000ea07
#
# JRE version: Java(TM) SE Runtime Environment (8.0_161-b12) (build 1.8.0_161-b12)
# Java VM: Java HotSpot(TM) 64-Bit Server VM (25.161-b12 mixed mode bsd-amd64 compressed oops)
# Problematic frame:
# C  [libawt_lwawt.dylib+0x1c2df]  OGLSD_SetScratchSurface+0x49
#
# Failed to write core dump. Core dumps have been disabled. To enable core dumping, try "ulimit -c unlimited" before starting Java again
#
# If you would like to submit a bug report, please visit:
#   http://bugreport.java.com/bugreport/crash.jsp
# The crash happened outside the Java Virtual Machine in native code.
# See problematic frame for where to report the bug.
#

---------------  T H R E A D  ---------------

Current thread (0x00007f888e2e2800):  JavaThread "Java2D Queue Flusher" daemon [_thread_in_native, id=59911, stack(0x000070000401c000,0x000070000411c000)]

siginfo: si_signo: 11 (SIGSEGV), si_code: 1 (SEGV_MAPERR), si_addr: 0x0000000000000002

Registers:
RAX=0x00000000ffffffff, RBX=0x0000000000000002, RCX=0x0000000000000047, RDX=0x0000000124833d8c
RSP=0x000070000411b7b0, RBP=0x000070000411b7d0, RSI=0x00007f888af4bbd0, RDI=0x00007f888e2e29f8
R8 =0x00000006c3eb2208, R9 =0x0000000000000007, R10=0x000000010a5fa7f8, R11=0x0000000000000020
R12=0x0000000000000000, R13=0x00000006c3eb2208, R14=0x00007f888e2e29f8, R15=0x00007f888e2e2800
RIP=0x00000001248122df, EFLAGS=0x0000000000010202, ERR=0x0000000000000004
  TRAPNO=0x000000000000000e

Top of Stack: (sp=0x000070000411b7b0)
0x000070000411b7b0:   00007f888af4bbd0 0000000000000000
0x000070000411b7c0:   00007f888e2f7410 00007f888e2e2800
0x000070000411b7d0:   000070000411b850 000000012483386a
0x000070000411b7e0:   0000000000000064 00007f888af79308
0x000070000411b7f0:   000070000411b850 0000000106f5151e
0x000070000411b800:   0000000000000005 00007f888e2e2800
0x000070000411b810:   00000006c3eb2201 00007f888e2f7420
0x000070000411b820:   000070000011b800 00007f888e2e29f8
0x000070000411b830:   0000000000000000 0000000000000000
0x000070000411b840:   000070000411b8a8 00007f888e2e2800
0x000070000411b850:   000070000411b8a0 000000010a5fa86a
0x000070000411b860:   00000006c3eb2120 000070000411b8a8
0x000070000411b870:   0000000109ad2028 0000000000000000
0x000070000411b880:   0000000109ad1f48 0000000000000000
0x000070000411b890:   000070000411b8b0 00000006c3eb2208
0x000070000411b8a0:   00000000d87d6424 000000010abe97a4
0x000070000411b8b0:   0000000000000020 00000006c3eb2120
0x000070000411b8c0:   00000006c3eb2208 0000000000000000
0x000070000411b8d0:   0000000000000007 00000006c3eb2208
0x000070000411b8e0:   0000002000000020 000000076d5a7380
0x000070000411b8f0:   00007f888cabde00 0000000700000000
0x000070000411b900:   00000001edaac89a 000000076d5644d0
0x000070000411b910:   0000000109a24528 000000015fb59948
0x000070000411b920:   0000000109a24068 0000000000000000
0x000070000411b930:   0000000000000001 0000000000000001
0x000070000411b940:   0000000000000000 0000000000000000
0x000070000411b950:   000070000411b9d0 000000010a0067a7
0x000070000411b960:   00000006c3eb2208 000000076f583f28
0x000070000411b970:   0000700000001fa0 000000000000000a
0x000070000411b980:   00007f888e2e2800 0000000000000001
0x000070000411b990:   000000010a00671f 0000000109a24068
0x000070000411b9a0:   000070000411ba68 000070000411bd00 

Instructions: (pc=0x00000001248122df)
0x00000001248122bf:   c0 e9 82 00 00 00 48 8b 5e 10 48 85 db 75 0e bf
0x00000001248122cf:   01 00 00 00 48 8d 15 1e 95 03 00 eb d6 49 89 fe
0x00000001248122df:   4c 8b 3b 30 c0 e8 a7 bc 02 00 49 8b 3f 49 89 c4
0x00000001248122ef:   48 8b 35 f2 25 06 00 30 c0 e8 f5 bd 02 00 48 85 

Register to memory mapping:

RAX=0x00000000ffffffff is an unknown value
RBX=0x0000000000000002 is an unknown value
RCX=0x0000000000000047 is an unknown value
RDX=0x0000000124833d8c: Java_sun_java2d_opengl_OGLRenderQueue_flushBuffer+0xb5c in /Library/Java/JavaVirtualMachines/jdk1.8.0_161.jdk/Contents/Home/jre/lib/libawt_lwawt.dylib at 0x00000001247f6000
RSP=0x000070000411b7b0 is pointing into the stack for thread: 0x00007f888e2e2800
RBP=0x000070000411b7d0 is pointing into the stack for thread: 0x00007f888e2e2800
RSI=0x00007f888af4bbd0 is an unknown value
RDI=0x00007f888e2e29f8 is an unknown value
R8 =0x00000006c3eb2208 is an oop
sun.java2d.opengl.OGLRenderQueue$QueueFlusher 
 - klass: 'sun/java2d/opengl/OGLRenderQueue$QueueFlusher'
R9 =0x0000000000000007 is an unknown value
R10=0x000000010a5fa7f8 is at entry_point+56 in (nmethod*)0x000000010a5fa650
R11=0x0000000000000020 is an unknown value
R12=0x0000000000000000 is an unknown value
R13=0x00000006c3eb2208 is an oop
sun.java2d.opengl.OGLRenderQueue$QueueFlusher 
 - klass: 'sun/java2d/opengl/OGLRenderQueue$QueueFlusher'
R14=0x00007f888e2e29f8 is an unknown value
R15=0x00007f888e2e2800 is a thread


Stack: [0x000070000401c000,0x000070000411c000],  sp=0x000070000411b7b0,  free space=1021k
Native frames: (J=compiled Java code, j=interpreted, Vv=VM code, C=native code)
C  [libawt_lwawt.dylib+0x1c2df]  OGLSD_SetScratchSurface+0x49
C  [libawt_lwawt.dylib+0x3d86a]  Java_sun_java2d_opengl_OGLRenderQueue_flushBuffer+0x63a
J 1917  sun.java2d.opengl.OGLRenderQueue.flushBuffer(JI)V (0 bytes) @ 0x000000010a5fa86a [0x000000010a5fa7c0+0xaa]
J 6130% C2 sun.java2d.opengl.OGLRenderQueue$QueueFlusher.run()V (234 bytes) @ 0x000000010abe97a4 [0x000000010abe9540+0x264]
v  ~StubRoutines::call_stub
V  [libjvm.dylib+0x2ef9aa]  JavaCalls::call_helper(JavaValue*, methodHandle*, JavaCallArguments*, Thread*)+0x6ae
V  [libjvm.dylib+0x2f014e]  JavaCalls::call_virtual(JavaValue*, KlassHandle, Symbol*, Symbol*, JavaCallArguments*, Thread*)+0x164
V  [libjvm.dylib+0x2f02fa]  JavaCalls::call_virtual(JavaValue*, Handle, KlassHandle, Symbol*, Symbol*, Thread*)+0x4a
V  [libjvm.dylib+0x34aae5]  thread_entry(JavaThread*, Thread*)+0x7c
V  [libjvm.dylib+0x56edef]  JavaThread::thread_main_inner()+0x9b
V  [libjvm.dylib+0x5704ea]  JavaThread::run()+0x1c2
V  [libjvm.dylib+0x48d83a]  java_start(Thread*)+0xf6
C  [libsystem_pthread.dylib+0x393b]  _pthread_body+0xb4
C  [libsystem_pthread.dylib+0x3887]  _pthread_body+0x0
C  [libsystem_pthread.dylib+0x308d]  thread_start+0xd
C  0x0000000000000000

Java frames: (J=compiled Java code, j=interpreted, Vv=VM code)
J 1917  sun.java2d.opengl.OGLRenderQueue.flushBuffer(JI)V (0 bytes) @ 0x000000010a5fa7f8 [0x000000010a5fa7c0+0x38]
J 6130% C2 sun.java2d.opengl.OGLRenderQueue$QueueFlusher.run()V (234 bytes) @ 0x000000010abe97a4 [0x000000010abe9540+0x264]
v  ~StubRoutines::call_stub

---------------  P R O C E S S  ---------------

Java Threads: ( => current thread )
  0x00007f888d6de000 JavaThread "Image Fetcher 0" daemon [_thread_blocked, id=83419, stack(0x0000700003d8d000,0x0000700003e8d000)]
  0x00007f888d85d800 JavaThread "DestroyJavaVM" [_thread_blocked, id=7171, stack(0x00007000028ce000,0x00007000029ce000)]
  0x00007f888b2dc800 JavaThread "SwingWorker-pool-1-thread-2" daemon [_thread_blocked, id=73475, stack(0x00007000046b1000,0x00007000047b1000)]
  0x00007f888c2bd000 JavaThread "TimerQueue" daemon [_thread_blocked, id=72723, stack(0x00007000045ae000,0x00007000046ae000)]
  0x00007f888e756800 JavaThread "SwingWorker-pool-1-thread-1" daemon [_thread_blocked, id=71203, stack(0x00007000044ab000,0x00007000045ab000)]
  0x00007f888e547800 JavaThread "AWT-EventQueue-0" [_thread_blocked, id=65211, stack(0x0000700004325000,0x0000700004425000)]
  0x00007f888d189800 JavaThread "Java2D Disposer" daemon [_thread_blocked, id=62223, stack(0x000070000411f000,0x000070000421f000)]
=>0x00007f888e2e2800 JavaThread "Java2D Queue Flusher" daemon [_thread_in_native, id=59911, stack(0x000070000401c000,0x000070000411c000)]
  0x00007f888d11a000 JavaThread "AWT-Shutdown" [_thread_blocked, id=32031, stack(0x0000700003c8a000,0x0000700003d8a000)]
  0x00007f888b081800 JavaThread "AppKit Thread" daemon [_thread_in_native, id=775, stack(0x00007fff599ad000,0x00007fff5a1ad000)]
  0x00007f888e07b000 JavaThread "Service Thread" daemon [_thread_blocked, id=21251, stack(0x0000700003a01000,0x0000700003b01000)]
  0x00007f888c011000 JavaThread "C1 CompilerThread3" daemon [_thread_blocked, id=20739, stack(0x00007000038fe000,0x00007000039fe000)]
  0x00007f888c010000 JavaThread "C2 CompilerThread2" daemon [_thread_blocked, id=20227, stack(0x00007000037fb000,0x00007000038fb000)]
  0x00007f888b032800 JavaThread "C2 CompilerThread1" daemon [_thread_blocked, id=19715, stack(0x00007000036f8000,0x00007000037f8000)]
  0x00007f888d001000 JavaThread "C2 CompilerThread0" daemon [_thread_blocked, id=19203, stack(0x00007000035f5000,0x00007000036f5000)]
  0x00007f888e07a800 JavaThread "Signal Dispatcher" daemon [_thread_blocked, id=18691, stack(0x00007000034f2000,0x00007000035f2000)]
  0x00007f888e04a000 JavaThread "Finalizer" daemon [_thread_blocked, id=14595, stack(0x00007000033ef000,0x00007000034ef000)]
  0x00007f888c003800 JavaThread "Reference Handler" daemon [_thread_blocked, id=14083, stack(0x00007000032ec000,0x00007000033ec000)]

Other Threads:
  0x00007f888e045800 VMThread [stack: 0x00007000031e9000,0x00007000032e9000] [id=13571]
  0x00007f888e073000 WatcherThread [stack: 0x0000700003b04000,0x0000700003c04000] [id=21763]

VM state:not at safepoint (normal execution)

VM Mutex/Monitor currently owned by a thread: None

Heap:
 PSYoungGen      total 58368K, used 15446K [0x000000076ab00000, 0x0000000771980000, 0x00000007c0000000)
  eden space 43520K, 1% used [0x000000076ab00000,0x000000076ab9f3d8,0x000000076d580000)
  from space 14848K, 99% used [0x000000076d600000,0x000000076e476718,0x000000076e480000)
  to   space 34816K, 0% used [0x000000076f780000,0x000000076f780000,0x0000000771980000)
 ParOldGen       total 175104K, used 152301K [0x00000006c0000000, 0x00000006cab00000, 0x000000076ab00000)
  object space 175104K, 86% used [0x00000006c0000000,0x00000006c94bb668,0x00000006cab00000)
 Metaspace       used 19921K, capacity 20452K, committed 20608K, reserved 1067008K
  class space    used 2474K, capacity 2613K, committed 2688K, reserved 1048576K

Card table byte_map: [0x0000000107f6e000,0x000000010876f000] byte_map_base: 0x000000010496e000

Marking Bits: (ParMarkBitMap*) 0x00000001074f76c0
 Begin Bits: [0x0000000119006000, 0x000000011d006000)
 End Bits:   [0x000000011d006000, 0x0000000121006000)

Polling page: 0x0000000105b56000

CodeCache: size=245760Kb used=18113Kb max_used=18118Kb free=227646Kb
 bounds [0x000000010a006000, 0x000000010b1e6000, 0x0000000119006000]
 total_blobs=5926 nmethods=5324 adapters=513
 compilation: enabled

Compilation events (10 events):
Event: 185145.204 Thread 0x00007f888c011000 nmethod 6802 0x000000010b1d3ed0 code [0x000000010b1d4060, 0x000000010b1d4408]
Event: 185145.209 Thread 0x00007f888b032800 nmethod 6803 0x000000010b1d8fd0 code [0x000000010b1d9160, 0x000000010b1d9588]
Event: 185145.209 Thread 0x00007f888c011000 6804       3       java.net.URLClassLoader$1::run (5 bytes)
Event: 185145.210 Thread 0x00007f888c011000 nmethod 6804 0x000000010b1d8c10 code [0x000000010b1d8d80, 0x000000010b1d8f28]
Event: 185145.210 Thread 0x00007f888c011000 6805   !   3       java.net.URLClassLoader$1::run (63 bytes)
Event: 185145.213 Thread 0x00007f888c011000 nmethod 6805 0x000000010b1d8210 code [0x000000010b1d83e0, 0x000000010b1d8928]
Event: 185145.246 Thread 0x00007f888c011000 6806       3       sun.reflect.NativeConstructorAccessorImpl::newInstance (89 bytes)
Event: 185145.252 Thread 0x00007f888c011000 nmethod 6806 0x000000010b1d9850 code [0x000000010b1d9ac0, 0x000000010b1dae18]
Event: 185146.576 Thread 0x00007f888d001000 6808       4       javax.swing.JComponent::getAlignmentX (17 bytes)
Event: 185146.580 Thread 0x00007f888d001000 nmethod 6808 0x000000010b1d2450 code [0x000000010b1d2600, 0x000000010b1d2d68]

GC Heap History (10 events):
Event: 145361.626 GC heap before
{Heap before GC invocations=21 (full 0):
 PSYoungGen      total 82944K, used 51862K [0x000000076ab00000, 0x0000000772200000, 0x00000007c0000000)
  eden space 46080K, 100% used [0x000000076ab00000,0x000000076d800000,0x000000076d800000)
  from space 36864K, 15% used [0x000000076fe00000,0x00000007703a5ab8,0x0000000772200000)
  to   space 37888K, 0% used [0x000000076d800000,0x000000076d800000,0x000000076fd00000)
 ParOldGen       total 175104K, used 142676K [0x00000006c0000000, 0x00000006cab00000, 0x000000076ab00000)
  object space 175104K, 81% used [0x00000006c0000000,0x00000006c8b552f8,0x00000006cab00000)
 Metaspace       used 19802K, capacity 20306K, committed 20608K, reserved 1067008K
  class space    used 2471K, capacity 2612K, committed 2688K, reserved 1048576K
Event: 145361.633 GC heap after
Heap after GC invocations=21 (full 0):
 PSYoungGen      total 47616K, used 1943K [0x000000076ab00000, 0x0000000772180000, 0x00000007c0000000)
  eden space 45568K, 0% used [0x000000076ab00000,0x000000076ab00000,0x000000076d780000)
  from space 2048K, 94% used [0x000000076d800000,0x000000076d9e5e10,0x000000076da00000)
  to   space 37888K, 0% used [0x000000076fc80000,0x000000076fc80000,0x0000000772180000)
 ParOldGen       total 175104K, used 147264K [0x00000006c0000000, 0x00000006cab00000, 0x000000076ab00000)
  object space 175104K, 84% used [0x00000006c0000000,0x00000006c8fd00f8,0x00000006cab00000)
 Metaspace       used 19802K, capacity 20306K, committed 20608K, reserved 1067008K
  class space    used 2471K, capacity 2612K, committed 2688K, reserved 1048576K
}
Event: 152428.861 GC heap before
{Heap before GC invocations=22 (full 0):
 PSYoungGen      total 47616K, used 47511K [0x000000076ab00000, 0x0000000772180000, 0x00000007c0000000)
  eden space 45568K, 100% used [0x000000076ab00000,0x000000076d780000,0x000000076d780000)
  from space 2048K, 94% used [0x000000076d800000,0x000000076d9e5e10,0x000000076da00000)
  to   space 37888K, 0% used [0x000000076fc80000,0x000000076fc80000,0x0000000772180000)
 ParOldGen       total 175104K, used 147264K [0x00000006c0000000, 0x00000006cab00000, 0x000000076ab00000)
  object space 175104K, 84% used [0x00000006c0000000,0x00000006c8fd00f8,0x00000006cab00000)
 Metaspace       used 19835K, capacity 20306K, committed 20608K, reserved 1067008K
  class space    used 2472K, capacity 2612K, committed 2688K, reserved 1048576K
Event: 152428.904 GC heap after
Heap after GC invocations=22 (full 0):
 PSYoungGen      total 81408K, used 1887K [0x000000076ab00000, 0x0000000772000000, 0x00000007c0000000)
  eden space 45056K, 0% used [0x000000076ab00000,0x000000076ab00000,0x000000076d700000)
  from space 36352K, 5% used [0x000000076fc80000,0x000000076fe57fd0,0x0000000772000000)
  to   space 37376K, 0% used [0x000000076d700000,0x000000076d700000,0x000000076fb80000)
 ParOldGen       total 175104K, used 148556K [0x00000006c0000000, 0x00000006cab00000, 0x000000076ab00000)
  object space 175104K, 84% used [0x00000006c0000000,0x00000006c91131d8,0x00000006cab00000)
 Metaspace       used 19835K, capacity 20306K, committed 20608K, reserved 1067008K
  class space    used 2472K, capacity 2612K, committed 2688K, reserved 1048576K
}
Event: 153677.809 GC heap before
{Heap before GC invocations=23 (full 0):
 PSYoungGen      total 81408K, used 46943K [0x000000076ab00000, 0x0000000772000000, 0x00000007c0000000)
  eden space 45056K, 100% used [0x000000076ab00000,0x000000076d700000,0x000000076d700000)
  from space 36352K, 5% used [0x000000076fc80000,0x000000076fe57fd0,0x0000000772000000)
  to   space 37376K, 0% used [0x000000076d700000,0x000000076d700000,0x000000076fb80000)
 ParOldGen       total 175104K, used 148556K [0x00000006c0000000, 0x00000006cab00000, 0x000000076ab00000)
  object space 175104K, 84% used [0x00000006c0000000,0x00000006c91131d8,0x00000006cab00000)
 Metaspace       used 19868K, capacity 20370K, committed 20608K, reserved 1067008K
  class space    used 2473K, capacity 2612K, committed 2688K, reserved 1048576K
Event: 153677.815 GC heap after
Heap after GC invocations=23 (full 0):
 PSYoungGen      total 47616K, used 2849K [0x000000076ab00000, 0x0000000771d80000, 0x00000007c0000000)
  eden space 44544K, 0% used [0x000000076ab00000,0x000000076ab00000,0x000000076d680000)
  from space 3072K, 92% used [0x000000076d700000,0x000000076d9c8630,0x000000076da00000)
  to   space 36352K, 0% used [0x000000076fa00000,0x000000076fa00000,0x0000000771d80000)
 ParOldGen       total 175104K, used 149788K [0x00000006c0000000, 0x00000006cab00000, 0x000000076ab00000)
  object space 175104K, 85% used [0x00000006c0000000,0x00000006c92473d8,0x00000006cab00000)
 Metaspace       used 19868K, capacity 20370K, committed 20608K, reserved 1067008K
  class space    used 2473K, capacity 2612K, committed 2688K, reserved 1048576K
}
Event: 154551.203 GC heap before
{Heap before GC invocations=24 (full 0):
 PSYoungGen      total 47616K, used 47393K [0x000000076ab00000, 0x0000000771d80000, 0x00000007c0000000)
  eden space 44544K, 100% used [0x000000076ab00000,0x000000076d680000,0x000000076d680000)
  from space 3072K, 92% used [0x000000076d700000,0x000000076d9c8630,0x000000076da00000)
  to   space 36352K, 0% used [0x000000076fa00000,0x000000076fa00000,0x0000000771d80000)
 ParOldGen       total 175104K, used 149788K [0x00000006c0000000, 0x00000006cab00000, 0x000000076ab00000)
  object space 175104K, 85% used [0x00000006c0000000,0x00000006c92473d8,0x00000006cab00000)
 Metaspace       used 19888K, capacity 20376K, committed 20608K, reserved 1067008K
  class space    used 2473K, capacity 2613K, committed 2688K, reserved 1048576K
Event: 154551.223 GC heap after
Heap after GC invocations=24 (full 0):
 PSYoungGen      total 78848K, used 1820K [0x000000076ab00000, 0x0000000771c00000, 0x00000007c0000000)
  eden space 44032K, 0% used [0x000000076ab00000,0x000000076ab00000,0x000000076d600000)
  from space 34816K, 5% used [0x000000076fa00000,0x000000076fbc7310,0x0000000771c00000)
  to   space 35840K, 0% used [0x000000076d600000,0x000000076d600000,0x000000076f900000)
 ParOldGen       total 175104K, used 151871K [0x00000006c0000000, 0x00000006cab00000, 0x000000076ab00000)
  object space 175104K, 86% used [0x00000006c0000000,0x00000006c944fd38,0x00000006cab00000)
 Metaspace       used 19888K, capacity 20376K, committed 20608K, reserved 1067008K
  class space    used 2473K, capacity 2613K, committed 2688K, reserved 1048576K
}
Event: 185146.641 GC heap before
{Heap before GC invocations=25 (full 0):
 PSYoungGen      total 78848K, used 45852K [0x000000076ab00000, 0x0000000771c00000, 0x00000007c0000000)
  eden space 44032K, 100% used [0x000000076ab00000,0x000000076d600000,0x000000076d600000)
  from space 34816K, 5% used [0x000000076fa00000,0x000000076fbc7310,0x0000000771c00000)
  to   space 35840K, 0% used [0x000000076d600000,0x000000076d600000,0x000000076f900000)
 ParOldGen       total 175104K, used 151871K [0x00000006c0000000, 0x00000006cab00000, 0x000000076ab00000)
  object space 175104K, 86% used [0x00000006c0000000,0x00000006c944fd38,0x00000006cab00000)
 Metaspace       used 19921K, capacity 20452K, committed 20608K, reserved 1067008K
  class space    used 2474K, capacity 2613K, committed 2688K, reserved 1048576K
Event: 185146.833 GC heap after
Heap after GC invocations=25 (full 0):
 PSYoungGen      total 58368K, used 14809K [0x000000076ab00000, 0x0000000771980000, 0x00000007c0000000)
  eden space 43520K, 0% used [0x000000076ab00000,0x000000076ab00000,0x000000076d580000)
  from space 14848K, 99% used [0x000000076d600000,0x000000076e476718,0x000000076e480000)
  to   space 34816K, 0% used [0x000000076f780000,0x000000076f780000,0x0000000771980000)
 ParOldGen       total 175104K, used 152301K [0x00000006c0000000, 0x00000006cab00000, 0x000000076ab00000)
  object space 175104K, 86% used [0x00000006c0000000,0x00000006c94bb668,0x00000006cab00000)
 Metaspace       used 19921K, capacity 20452K, committed 20608K, reserved 1067008K
  class space    used 2474K, capacity 2613K, committed 2688K, reserved 1048576K
}

Deoptimization events (10 events):
Event: 145313.193 Thread 0x00007f888d913000 Uncommon trap: reason=unstable_if action=reinterpret pc=0x000000010abb5908 method=java.io.StreamTokenizer.nextToken()I @ 183
Event: 152800.217 Thread 0x00007f888e547800 Uncommon trap: reason=unstable_if action=reinterpret pc=0x000000010a804e94 method=javax.swing.text.AbstractDocument.readUnlock()V @ 7
Event: 154461.071 Thread 0x00007f8893a4e000 Uncommon trap: reason=unstable_if action=reinterpret pc=0x000000010adff9d8 method=Hack.Gates.CompositeGateClass.newInstance()LHack/Gates/Gate; @ 421
Event: 154546.779 Thread 0x00007f888e547800 Uncommon trap: reason=unstable_if action=reinterpret pc=0x000000010aa4ff94 method=java.util.concurrent.locks.ReentrantReadWriteLock$Sync.tryAcquireShared(I)I @ 55
Event: 156523.621 Thread 0x00007f888e547800 Uncommon trap: reason=unstable_if action=reinterpret pc=0x000000010acca1a0 method=javax.swing.RepaintManager.addDirtyRegion0(Ljava/awt/Container;IIII)V @ 108
Event: 185139.583 Thread 0x00007f888e547800 Uncommon trap: reason=unstable_if action=reinterpret pc=0x000000010af7dfa4 method=java.awt.Component.disable()V @ 76
Event: 185143.058 Thread 0x00007f888e547800 Uncommon trap: reason=unstable_if action=reinterpret pc=0x000000010abb1a64 method=javax.swing.DefaultListSelectionModel.insertIndexInterval(IIZ)V @ 122
Event: 185143.059 Thread 0x00007f888e547800 Uncommon trap: reason=unstable_if action=reinterpret pc=0x000000010ab8df24 method=javax.swing.DefaultListSelectionModel.insertIndexInterval(IIZ)V @ 122
Event: 185144.248 Thread 0x00007f888e547800 Uncommon trap: reason=bimorphic action=maybe_recompile pc=0x000000010a8b9c3c method=java.awt.LightweightDispatcher.eventDispatched(Ljava/awt/AWTEvent;)V @ 247
Event: 185145.213 Thread 0x00007f8893a4d000 Uncommon trap: reason=unstable_if action=reinterpret pc=0x000000010aabbab0 method=Hack.Gates.CompositeGateClass.isLegalToPartEdge(LHack/Gates/Connection;Ljava/lang/Integer;)Z @ 32

Classes redefined (0 events):
No events

Internal exceptions (10 events):
Event: 154551.226 Thread 0x00007f888e04a000 Implicit null exception at 0x000000010a4a8b34 to 0x000000010a4a8d06
Event: 154551.226 Thread 0x00007f888e04a000 Exception <a 'java/lang/NullPointerException'> (0x000000076ab97358) thrown at [/Users/java_re/workspace/8-2-build-macosx-x86_64/jdk8u161/10277/hotspot/src/share/vm/runtime/sharedRuntime.cpp, line 605]
Event: 185145.038 Thread 0x00007f888e547800 Exception <a 'java/io/FileNotFoundException'> (0x000000076d48ddd8) thrown at [/Users/java_re/workspace/8-2-build-macosx-x86_64/jdk8u161/10277/hotspot/src/share/vm/prims/jni.cpp, line 709]
Event: 185145.090 Thread 0x00007f888e547800 Exception <a 'java/io/FileNotFoundException'> (0x000000076d48e570) thrown at [/Users/java_re/workspace/8-2-build-macosx-x86_64/jdk8u161/10277/hotspot/src/share/vm/prims/jni.cpp, line 709]
Event: 185146.839 Thread 0x00007f888e04a000 Implicit null exception at 0x000000010a4a8b34 to 0x000000010a4a8d06
Event: 185146.840 Thread 0x00007f888e04a000 Exception <a 'java/lang/NullPointerException'> (0x000000076ab9eba8) thrown at [/Users/java_re/workspace/8-2-build-macosx-x86_64/jdk8u161/10277/hotspot/src/share/vm/runtime/sharedRuntime.cpp, line 605]
Event: 185146.841 Thread 0x00007f888e04a000 Implicit null exception at 0x000000010a4a8b34 to 0x000000010a4a8d06
Event: 185146.841 Thread 0x00007f888e04a000 Exception <a 'java/lang/NullPointerException'> (0x000000076ab9ee20) thrown at [/Users/java_re/workspace/8-2-build-macosx-x86_64/jdk8u161/10277/hotspot/src/share/vm/runtime/sharedRuntime.cpp, line 605]
Event: 185146.842 Thread 0x00007f888e04a000 Implicit null exception at 0x000000010a4a8b34 to 0x000000010a4a8d06
Event: 185146.842 Thread 0x00007f888e04a000 Exception <a 'java/lang/NullPointerException'> (0x000000076ab9f078) thrown at [/Users/java_re/workspace/8-2-build-macosx-x86_64/jdk8u161/10277/hotspot/src/share/vm/runtime/sharedRuntime.cpp, line 605]

Events (10 events):
Event: 185146.842 Executing VM operation: RevokeBias
Event: 185146.843 Executing VM operation: RevokeBias done
Event: 185146.843 Executing VM operation: RevokeBias
Event: 185146.843 Executing VM operation: RevokeBias done
Event: 185146.843 Executing VM operation: RevokeBias
Event: 185146.843 Executing VM operation: RevokeBias done
Event: 185146.843 Executing VM operation: RevokeBias
Event: 185146.843 Executing VM operation: RevokeBias done
Event: 185146.843 Executing VM operation: RevokeBias
Event: 185146.843 Executing VM operation: RevokeBias done


Dynamic libraries:
0x00000000211e0000 	/System/Library/Frameworks/Cocoa.framework/Versions/A/Cocoa
0x00000000211e0000 	/System/Library/Frameworks/Security.framework/Versions/A/Security
0x00000000211e0000 	/System/Library/Frameworks/ApplicationServices.framework/Versions/A/ApplicationServices
0x00000000211e0000 	/usr/lib/libz.1.dylib
0x00000000211e0000 	/usr/lib/libSystem.B.dylib
0x00000000211e0000 	/usr/lib/libobjc.A.dylib
0x00000000211e0000 	/System/Library/Frameworks/CoreFoundation.framework/Versions/A/CoreFoundation
0x00000000211e0000 	/System/Library/Frameworks/Foundation.framework/Versions/C/Foundation
0x0000000105a6d000 	/Library/Application Support/Cylance/Desktop/CyMemDef.dylib
0x00000000211e0000 	/System/Library/Frameworks/AppKit.framework/Versions/C/AppKit
0x00000000211e0000 	/System/Library/Frameworks/CoreData.framework/Versions/A/CoreData
0x00000000211e0000 	/System/Library/PrivateFrameworks/RemoteViewServices.framework/Versions/A/RemoteViewServices
0x00000000211e0000 	/System/Library/PrivateFrameworks/UIFoundation.framework/Versions/A/UIFoundation
0x00000000211e0000 	/System/Library/PrivateFrameworks/DFRFoundation.framework/Versions/A/DFRFoundation
0x00000000211e0000 	/usr/lib/libenergytrace.dylib
0x00000000211e0000 	/System/Library/PrivateFrameworks/SkyLight.framework/Versions/A/SkyLight
0x00000000211e0000 	/System/Library/Frameworks/CoreGraphics.framework/Versions/A/CoreGraphics
0x00000000211e0000 	/usr/lib/libScreenReader.dylib
0x00000000211e0000 	/System/Library/Frameworks/Accelerate.framework/Versions/A/Accelerate
0x00000000211e0000 	/System/Library/Frameworks/IOSurface.framework/Versions/A/IOSurface
0x00000000211e0000 	/System/Library/Frameworks/AudioToolbox.framework/Versions/A/AudioToolbox
0x00000000211e0000 	/System/Library/Frameworks/AudioUnit.framework/Versions/A/AudioUnit
0x00000000211e0000 	/System/Library/PrivateFrameworks/DataDetectorsCore.framework/Versions/A/DataDetectorsCore
0x00000000211e0000 	/System/Library/PrivateFrameworks/DesktopServicesPriv.framework/Versions/A/DesktopServicesPriv
0x00000000211e0000 	/System/Library/Frameworks/Carbon.framework/Versions/A/Frameworks/HIToolbox.framework/Versions/A/HIToolbox
0x00000000211e0000 	/usr/lib/libicucore.A.dylib
0x00000000211e0000 	/System/Library/Frameworks/QuartzCore.framework/Versions/A/QuartzCore
0x00000000211e0000 	/System/Library/Frameworks/Carbon.framework/Versions/A/Frameworks/SpeechRecognition.framework/Versions/A/SpeechRecognition
0x00000000211e0000 	/usr/lib/libauto.dylib
0x00000000211e0000 	/usr/lib/libxml2.2.dylib
0x00000000211e0000 	/System/Library/PrivateFrameworks/CoreUI.framework/Versions/A/CoreUI
0x00000000211e0000 	/System/Library/Frameworks/CoreAudio.framework/Versions/A/CoreAudio
0x00000000211e0000 	/System/Library/Frameworks/DiskArbitration.framework/Versions/A/DiskArbitration
0x00000000211e0000 	/usr/lib/liblangid.dylib
0x00000000211e0000 	/System/Library/PrivateFrameworks/MultitouchSupport.framework/Versions/A/MultitouchSupport
0x00000000211e0000 	/System/Library/Frameworks/IOKit.framework/Versions/A/IOKit
0x00000000211e0000 	/usr/lib/libDiagnosticMessagesClient.dylib
0x00000000211e0000 	/System/Library/Frameworks/CoreServices.framework/Versions/A/CoreServices
0x00000000211e0000 	/System/Library/PrivateFrameworks/PerformanceAnalysis.framework/Versions/A/PerformanceAnalysis
0x00000000211e0000 	/System/Library/PrivateFrameworks/GenerationalStorage.framework/Versions/A/GenerationalStorage
0x00000000211e0000 	/System/Library/Frameworks/OpenGL.framework/Versions/A/OpenGL
0x00000000211e0000 	/System/Library/Frameworks/CoreImage.framework/Versions/A/CoreImage
0x00000000211e0000 	/System/Library/Frameworks/CoreText.framework/Versions/A/CoreText
0x00000000211e0000 	/System/Library/Frameworks/ImageIO.framework/Versions/A/ImageIO
0x00000000211e0000 	/System/Library/PrivateFrameworks/Backup.framework/Versions/A/Backup
0x00000000211e0000 	/usr/lib/libarchive.2.dylib
0x00000000211e0000 	/System/Library/Frameworks/CFNetwork.framework/Versions/A/CFNetwork
0x00000000211e0000 	/System/Library/Frameworks/SystemConfiguration.framework/Versions/A/SystemConfiguration
0x00000000211e0000 	/usr/lib/libCRFSuite.dylib
0x00000000211e0000 	/usr/lib/libc++.1.dylib
0x00000000211e0000 	/usr/lib/libc++abi.dylib
0x00000000211e0000 	/usr/lib/system/libcache.dylib
0x00000000211e0000 	/usr/lib/system/libcommonCrypto.dylib
0x00000000211e0000 	/usr/lib/system/libcompiler_rt.dylib
0x00000000211e0000 	/usr/lib/system/libcopyfile.dylib
0x00000000211e0000 	/usr/lib/system/libcorecrypto.dylib
0x00000000211e0000 	/usr/lib/system/libdispatch.dylib
0x00000000211e0000 	/usr/lib/system/libdyld.dylib
0x00000000211e0000 	/usr/lib/system/libkeymgr.dylib
0x00000000211e0000 	/usr/lib/system/liblaunch.dylib
0x00000000211e0000 	/usr/lib/system/libmacho.dylib
0x00000000211e0000 	/usr/lib/system/libquarantine.dylib
0x00000000211e0000 	/usr/lib/system/libremovefile.dylib
0x00000000211e0000 	/usr/lib/system/libsystem_asl.dylib
0x00000000211e0000 	/usr/lib/system/libsystem_blocks.dylib
0x00000000211e0000 	/usr/lib/system/libsystem_c.dylib
0x00000000211e0000 	/usr/lib/system/libsystem_configuration.dylib
0x00000000211e0000 	/usr/lib/system/libsystem_coreservices.dylib
0x00000000211e0000 	/usr/lib/system/libsystem_coretls.dylib
0x00000000211e0000 	/usr/lib/system/libsystem_dnssd.dylib
0x00000000211e0000 	/usr/lib/system/libsystem_info.dylib
0x00000000211e0000 	/usr/lib/system/libsystem_kernel.dylib
0x00000000211e0000 	/usr/lib/system/libsystem_m.dylib
0x00000000211e0000 	/usr/lib/system/libsystem_malloc.dylib
0x00000000211e0000 	/usr/lib/system/libsystem_network.dylib
0x00000000211e0000 	/usr/lib/system/libsystem_networkextension.dylib
0x00000000211e0000 	/usr/lib/system/libsystem_notify.dylib
0x00000000211e0000 	/usr/lib/system/libsystem_platform.dylib
0x00000000211e0000 	/usr/lib/system/libsystem_pthread.dylib
0x00000000211e0000 	/usr/lib/system/libsystem_sandbox.dylib
0x00000000211e0000 	/usr/lib/system/libsystem_secinit.dylib
0x00000000211e0000 	/usr/lib/system/libsystem_symptoms.dylib
0x00000000211e0000 	/usr/lib/system/libsystem_trace.dylib
0x00000000211e0000 	/usr/lib/system/libunwind.dylib
0x00000000211e0000 	/usr/lib/system/libxpc.dylib
0x00000000211e0000 	/usr/lib/libbsm.0.dylib
0x00000000211e0000 	/usr/lib/system/libkxld.dylib
0x00000000211e0000 	/usr/lib/libcoretls.dylib
0x00000000211e0000 	/usr/lib/libcoretls_cfhelpers.dylib
0x00000000211e0000 	/usr/lib/libOpenScriptingUtil.dylib
0x00000000211e0000 	/usr/lib/libpam.2.dylib
0x00000000211e0000 	/usr/lib/libsqlite3.dylib
0x00000000211e0000 	/usr/lib/libxar.1.dylib
0x00000000211e0000 	/usr/lib/libbz2.1.0.dylib
0x00000000211e0000 	/usr/lib/liblzma.5.dylib
0x00000000211e0000 	/usr/lib/libnetwork.dylib
0x00000000211e0000 	/usr/lib/libpcap.A.dylib
0x00000000211e0000 	/System/Library/Frameworks/CoreServices.framework/Versions/A/Frameworks/FSEvents.framework/Versions/A/FSEvents
0x00000000211e0000 	/System/Library/Frameworks/CoreServices.framework/Versions/A/Frameworks/CarbonCore.framework/Versions/A/CarbonCore
0x00000000211e0000 	/System/Library/Frameworks/CoreServices.framework/Versions/A/Frameworks/Metadata.framework/Versions/A/Metadata
0x00000000211e0000 	/System/Library/Frameworks/CoreServices.framework/Versions/A/Frameworks/OSServices.framework/Versions/A/OSServices
0x00000000211e0000 	/System/Library/Frameworks/CoreServices.framework/Versions/A/Frameworks/SearchKit.framework/Versions/A/SearchKit
0x00000000211e0000 	/System/Library/Frameworks/CoreServices.framework/Versions/A/Frameworks/AE.framework/Versions/A/AE
0x00000000211e0000 	/System/Library/Frameworks/CoreServices.framework/Versions/A/Frameworks/LaunchServices.framework/Versions/A/LaunchServices
0x00000000211e0000 	/System/Library/Frameworks/CoreServices.framework/Versions/A/Frameworks/DictionaryServices.framework/Versions/A/DictionaryServices
0x00000000211e0000 	/System/Library/Frameworks/CoreServices.framework/Versions/A/Frameworks/SharedFileList.framework/Versions/A/SharedFileList
0x00000000211e0000 	/System/Library/Frameworks/NetFS.framework/Versions/A/NetFS
0x00000000211e0000 	/System/Library/PrivateFrameworks/NetAuth.framework/Versions/A/NetAuth
0x00000000211e0000 	/System/Library/PrivateFrameworks/login.framework/Versions/A/Frameworks/loginsupport.framework/Versions/A/loginsupport
0x00000000211e0000 	/System/Library/PrivateFrameworks/TCC.framework/Versions/A/TCC
0x00000000211e0000 	/usr/lib/libmecabra.dylib
0x00000000211e0000 	/System/Library/Frameworks/ApplicationServices.framework/Versions/A/Frameworks/ATS.framework/Versions/A/ATS
0x00000000211e0000 	/System/Library/Frameworks/ApplicationServices.framework/Versions/A/Frameworks/ColorSync.framework/Versions/A/ColorSync
0x00000000211e0000 	/System/Library/Frameworks/ApplicationServices.framework/Versions/A/Frameworks/HIServices.framework/Versions/A/HIServices
0x00000000211e0000 	/System/Library/Frameworks/ApplicationServices.framework/Versions/A/Frameworks/LangAnalysis.framework/Versions/A/LangAnalysis
0x00000000211e0000 	/System/Library/Frameworks/ApplicationServices.framework/Versions/A/Frameworks/PrintCore.framework/Versions/A/PrintCore
0x00000000211e0000 	/System/Library/Frameworks/ApplicationServices.framework/Versions/A/Frameworks/QD.framework/Versions/A/QD
0x00000000211e0000 	/System/Library/Frameworks/ApplicationServices.framework/Versions/A/Frameworks/SpeechSynthesis.framework/Versions/A/SpeechSynthesis
0x00000000211e0000 	/System/Library/Frameworks/Accelerate.framework/Versions/A/Frameworks/vImage.framework/Versions/A/vImage
0x00000000211e0000 	/System/Library/Frameworks/Accelerate.framework/Versions/A/Frameworks/vecLib.framework/Versions/A/vecLib
0x00000000211e0000 	/System/Library/Frameworks/Accelerate.framework/Versions/A/Frameworks/vecLib.framework/Versions/A/libvDSP.dylib
0x00000000211e0000 	/System/Library/Frameworks/Accelerate.framework/Versions/A/Frameworks/vecLib.framework/Versions/A/libBNNS.dylib
0x00000000211e0000 	/System/Library/Frameworks/Accelerate.framework/Versions/A/Frameworks/vecLib.framework/Versions/A/libQuadrature.dylib
0x00000000211e0000 	/System/Library/Frameworks/Accelerate.framework/Versions/A/Frameworks/vecLib.framework/Versions/A/libvMisc.dylib
0x00000000211e0000 	/System/Library/Frameworks/Accelerate.framework/Versions/A/Frameworks/vecLib.framework/Versions/A/libLAPACK.dylib
0x00000000211e0000 	/System/Library/Frameworks/Accelerate.framework/Versions/A/Frameworks/vecLib.framework/Versions/A/libBLAS.dylib
0x00000000211e0000 	/System/Library/Frameworks/Accelerate.framework/Versions/A/Frameworks/vecLib.framework/Versions/A/libLinearAlgebra.dylib
0x00000000211e0000 	/System/Library/Frameworks/Accelerate.framework/Versions/A/Frameworks/vecLib.framework/Versions/A/libSparseBLAS.dylib
0x00000000211e0000 	/System/Library/Frameworks/ApplicationServices.framework/Versions/A/Frameworks/ATS.framework/Versions/A/Resources/libFontParser.dylib
0x00000000211e0000 	/System/Library/Frameworks/ApplicationServices.framework/Versions/A/Frameworks/ATS.framework/Versions/A/Resources/libFontRegistry.dylib
0x00000000211e0000 	/System/Library/Frameworks/ImageIO.framework/Versions/A/Resources/libJPEG.dylib
0x00000000211e0000 	/System/Library/Frameworks/ImageIO.framework/Versions/A/Resources/libTIFF.dylib
0x00000000211e0000 	/System/Library/Frameworks/ImageIO.framework/Versions/A/Resources/libPng.dylib
0x00000000211e0000 	/System/Library/Frameworks/ImageIO.framework/Versions/A/Resources/libGIF.dylib
0x00000000211e0000 	/System/Library/Frameworks/ImageIO.framework/Versions/A/Resources/libJP2.dylib
0x00000000211e0000 	/System/Library/Frameworks/ImageIO.framework/Versions/A/Resources/libRadiance.dylib
0x00000000211e0000 	/usr/lib/libcompression.dylib
0x00000000211e0000 	/System/Library/PrivateFrameworks/AppleJPEG.framework/Versions/A/AppleJPEG
0x00000000211e0000 	/usr/lib/libcups.2.dylib
0x00000000211e0000 	/System/Library/Frameworks/Kerberos.framework/Versions/A/Kerberos
0x00000000211e0000 	/System/Library/Frameworks/GSS.framework/Versions/A/GSS
0x00000000211e0000 	/usr/lib/libresolv.9.dylib
0x00000000211e0000 	/usr/lib/libiconv.2.dylib
0x00000000211e0000 	/System/Library/PrivateFrameworks/Heimdal.framework/Versions/A/Heimdal
0x00000000211e0000 	/usr/lib/libheimdal-asn1.dylib
0x00000000211e0000 	/System/Library/Frameworks/OpenDirectory.framework/Versions/A/OpenDirectory
0x00000000211e0000 	/System/Library/PrivateFrameworks/CommonAuth.framework/Versions/A/CommonAuth
0x00000000211e0000 	/System/Library/Frameworks/OpenDirectory.framework/Versions/A/Frameworks/CFOpenDirectory.framework/Versions/A/CFOpenDirectory
0x00000000211e0000 	/System/Library/Frameworks/SecurityFoundation.framework/Versions/A/SecurityFoundation
0x00000000211e0000 	/System/Library/PrivateFrameworks/LanguageModeling.framework/Versions/A/LanguageModeling
0x00000000211e0000 	/usr/lib/libmarisa.dylib
0x00000000211e0000 	/usr/lib/libChineseTokenizer.dylib
0x00000000211e0000 	/usr/lib/libcmph.dylib
0x00000000211e0000 	/System/Library/PrivateFrameworks/CoreEmoji.framework/Versions/A/CoreEmoji
0x00000000211e0000 	/System/Library/Frameworks/ServiceManagement.framework/Versions/A/ServiceManagement
0x00000000211e0000 	/usr/lib/libxslt.1.dylib
0x00000000211e0000 	/System/Library/Frameworks/Carbon.framework/Versions/A/Frameworks/Ink.framework/Versions/A/Ink
0x00000000211e0000 	/System/Library/PrivateFrameworks/TextureIO.framework/Versions/A/TextureIO
0x00000000211e0000 	/System/Library/Frameworks/Metal.framework/Versions/A/Metal
0x00000000211e0000 	/usr/lib/libate.dylib
0x00000000211e0000 	/System/Library/PrivateFrameworks/GPUCompiler.framework/libmetal_timestamp.dylib
0x00000000211e0000 	/System/Library/Frameworks/OpenGL.framework/Versions/A/Libraries/libCoreFSCache.dylib
0x00000000211e0000 	/System/Library/PrivateFrameworks/IOAccelerator.framework/Versions/A/IOAccelerator
0x00000000211e0000 	/System/Library/Frameworks/CoreVideo.framework/Versions/A/CoreVideo
0x00000000211e0000 	/usr/lib/libFosl_dynamic.dylib
0x00000000211e0000 	/System/Library/PrivateFrameworks/MetalPerformanceShaders.framework/Versions/A/MetalPerformanceShaders
0x00000000211e0000 	/System/Library/PrivateFrameworks/FaceCore.framework/Versions/A/FaceCore
0x00000000211e0000 	/System/Library/Frameworks/OpenCL.framework/Versions/A/OpenCL
0x00000000211e0000 	/System/Library/Frameworks/OpenGL.framework/Versions/A/Libraries/libGLU.dylib
0x00000000211e0000 	/System/Library/Frameworks/OpenGL.framework/Versions/A/Libraries/libGFXShared.dylib
0x00000000211e0000 	/System/Library/Frameworks/OpenGL.framework/Versions/A/Libraries/libGL.dylib
0x00000000211e0000 	/System/Library/Frameworks/OpenGL.framework/Versions/A/Libraries/libGLImage.dylib
0x00000000211e0000 	/System/Library/Frameworks/OpenGL.framework/Versions/A/Libraries/libCVMSPluginSupport.dylib
0x00000000211e0000 	/System/Library/Frameworks/OpenGL.framework/Versions/A/Libraries/libCoreVMClient.dylib
0x00000000211e0000 	/System/Library/PrivateFrameworks/CrashReporterSupport.framework/Versions/A/CrashReporterSupport
0x00000000211e0000 	/System/Library/PrivateFrameworks/Sharing.framework/Versions/A/Sharing
0x00000000211e0000 	/System/Library/PrivateFrameworks/IconServices.framework/Versions/A/IconServices
0x00000000211e0000 	/System/Library/PrivateFrameworks/ProtocolBuffer.framework/Versions/A/ProtocolBuffer
0x00000000211e0000 	/System/Library/PrivateFrameworks/Apple80211.framework/Versions/A/Apple80211
0x00000000211e0000 	/System/Library/Frameworks/CoreWLAN.framework/Versions/A/CoreWLAN
0x00000000211e0000 	/System/Library/PrivateFrameworks/CoreUtils.framework/Versions/A/CoreUtils
0x00000000211e0000 	/System/Library/Frameworks/IOBluetooth.framework/Versions/A/IOBluetooth
0x00000000211e0000 	/System/Library/PrivateFrameworks/CoreWiFi.framework/Versions/A/CoreWiFi
0x00000000211e0000 	/System/Library/Frameworks/CoreBluetooth.framework/Versions/A/CoreBluetooth
0x00000000211e0000 	/System/Library/Frameworks/CoreDisplay.framework/Versions/A/CoreDisplay
0x00000000211e0000 	/System/Library/PrivateFrameworks/IOPresentment.framework/Versions/A/IOPresentment
0x00000000211e0000 	/System/Library/PrivateFrameworks/DSExternalDisplay.framework/Versions/A/DSExternalDisplay
0x00000000211e0000 	/System/Library/PrivateFrameworks/DebugSymbols.framework/Versions/A/DebugSymbols
0x00000000211e0000 	/System/Library/PrivateFrameworks/CoreSymbolication.framework/Versions/A/CoreSymbolication
0x00000000211e0000 	/System/Library/PrivateFrameworks/Symbolication.framework/Versions/A/Symbolication
0x00000000211e0000 	/System/Library/PrivateFrameworks/AppleFSCompression.framework/Versions/A/AppleFSCompression
0x00000000211e0000 	/System/Library/PrivateFrameworks/SpeechRecognitionCore.framework/Versions/A/SpeechRecognitionCore
0x00000000211e0000 	/System/Library/PrivateFrameworks/ChunkingLibrary.framework/Versions/A/ChunkingLibrary
0x0000000106c00000 	/Library/Java/JavaVirtualMachines/jdk1.8.0_161.jdk/Contents/Home/jre/lib/server/libjvm.dylib
0x00000000211e0000 	/usr/lib/libstdc++.6.dylib
0x0000000105b12000 	/Library/Java/JavaVirtualMachines/jdk1.8.0_161.jdk/Contents/Home/jre/lib/libverify.dylib
0x0000000105b20000 	/Library/Java/JavaVirtualMachines/jdk1.8.0_161.jdk/Contents/Home/jre/lib/libjava.dylib
0x0000000105b60000 	/Library/Java/JavaVirtualMachines/jdk1.8.0_161.jdk/Contents/Home/jre/lib/libzip.dylib
0x0000000124638000 	/Library/Java/JavaVirtualMachines/jdk1.8.0_161.jdk/Contents/Home/jre/lib/libawt.dylib
0x00000001246e2000 	/Library/Java/JavaVirtualMachines/jdk1.8.0_161.jdk/Contents/Home/jre/lib/./libmlib_image.dylib
0x00000001247ae000 	/System/Library/Frameworks/JavaVM.framework/Versions/A/Frameworks/JavaNativeFoundation.framework/Versions/A/JavaNativeFoundation
0x00000001247c3000 	/System/Library/Frameworks/JavaVM.framework/Versions/A/Frameworks/JavaRuntimeSupport.framework/Versions/A/JavaRuntimeSupport
0x00000001247dd000 	/System/Library/Frameworks/JavaVM.framework/Versions/A/JavaVM
0x00000001247ea000 	/System/Library/PrivateFrameworks/JavaLaunching.framework/Versions/A/JavaLaunching
0x00000000211e0000 	/System/Library/Frameworks/Carbon.framework/Versions/A/Carbon
0x00000000211e0000 	/System/Library/Frameworks/Carbon.framework/Versions/A/Frameworks/CommonPanels.framework/Versions/A/CommonPanels
0x00000000211e0000 	/System/Library/Frameworks/Carbon.framework/Versions/A/Frameworks/Help.framework/Versions/A/Help
0x00000000211e0000 	/System/Library/Frameworks/Carbon.framework/Versions/A/Frameworks/ImageCapture.framework/Versions/A/ImageCapture
0x00000000211e0000 	/System/Library/Frameworks/Carbon.framework/Versions/A/Frameworks/OpenScripting.framework/Versions/A/OpenScripting
0x00000000211e0000 	/System/Library/Frameworks/Carbon.framework/Versions/A/Frameworks/Print.framework/Versions/A/Print
0x00000000211e0000 	/System/Library/Frameworks/Carbon.framework/Versions/A/Frameworks/SecurityHI.framework/Versions/A/SecurityHI
0x00000001247f6000 	/Library/Java/JavaVirtualMachines/jdk1.8.0_161.jdk/Contents/Home/jre/lib/libawt_lwawt.dylib
0x00000001248b0000 	/Library/Java/JavaVirtualMachines/jdk1.8.0_161.jdk/Contents/Home/jre/lib/./libosxapp.dylib
0x00000000211e0000 	/System/Library/Frameworks/ExceptionHandling.framework/Versions/A/ExceptionHandling
0x00000000211e0000 	/System/Library/PrivateFrameworks/CoreServicesInternal.framework/Versions/A/CoreServicesInternal
0x00000000211e0000 	/System/Library/CoreServices/RawCamera.bundle/Contents/MacOS/RawCamera
0x00000000211e0000 	/System/Library/Frameworks/Accelerate.framework/Versions/A/Frameworks/vImage.framework/Versions/A/Libraries/libCGInterfaces.dylib
0x00000000211e0000 	/System/Library/Frameworks/ApplicationServices.framework/Versions/A/Frameworks/ATS.framework/Versions/A/Resources/libTrueTypeScaler.dylib
0x0000000126a48000 	/System/Library/Frameworks/OpenGL.framework/Resources/GLEngine.bundle/GLEngine
0x00000000211e0000 	/System/Library/Frameworks/OpenGL.framework/Versions/A/Libraries/libGLProgrammability.dylib
0x0000000126c2d000 	/System/Library/Extensions/AppleIntelHD5000GraphicsGLDriver.bundle/Contents/MacOS/AppleIntelHD5000GraphicsGLDriver
0x00000000211e0000 	/System/Library/PrivateFrameworks/GPUSupport.framework/Versions/A/Libraries/libGPUSupportMercury.dylib
0x000000012739b000 	/System/Library/Extensions/AMDRadeonX4000GLDriver.bundle/Contents/MacOS/AMDRadeonX4000GLDriver
0x000000012747b000 	/System/Library/Extensions/AMDRadeonX4000GLDriver.bundle/Contents/MacOS/ATIRadeonX4000SCLib.dylib
0x00000001253ea000 	/System/Library/Frameworks/OpenGL.framework/Resources//GLRendererFloat.bundle/GLRendererFloat
0x00000000211e0000 	/System/Library/Frameworks/OpenCL.framework/Versions/A/Libraries/libcldcpuengine.dylib
0x00000000211e0000 	/usr/lib/libcrypto.0.9.8.dylib
0x00000000211e0000 	/System/Library/PrivateFrameworks/TrustEvaluationAgent.framework/Versions/A/TrustEvaluationAgent
0x00000000211e0000 	/System/Library/Extensions/AMDMTLBronzeDriver.bundle/Contents/MacOS/AMDMTLBronzeDriver
0x00000000211e0000 	/System/Library/PrivateFrameworks/IOAccelMemoryInfo.framework/Versions/A/IOAccelMemoryInfo
0x0000000127a58000 	/System/Library/Extensions/AppleIntelHD5000GraphicsMTLDriver.bundle/Contents/MacOS/AppleIntelHD5000GraphicsMTLDriver
0x00000000211e0000 	/System/Library/PrivateFrameworks/FamilyControls.framework/Versions/A/FamilyControls
0x00000000211e0000 	/System/Library/PrivateFrameworks/CommerceKit.framework/Versions/A/Frameworks/CommerceCore.framework/Versions/A/CommerceCore
0x00000000211e0000 	/System/Library/PrivateFrameworks/SystemAdministration.framework/Versions/A/SystemAdministration
0x00000000211e0000 	/System/Library/PrivateFrameworks/AppContainer.framework/Versions/A/AppContainer
0x00000000211e0000 	/System/Library/PrivateFrameworks/SecCodeWrapper.framework/Versions/A/SecCodeWrapper
0x00000000211e0000 	/System/Library/Frameworks/DirectoryService.framework/Versions/A/DirectoryService
0x00000000211e0000 	/System/Library/PrivateFrameworks/DiskImages.framework/Versions/A/DiskImages
0x00000000211e0000 	/System/Library/PrivateFrameworks/LoginUIKit.framework/Versions/A/Frameworks/LoginUICore.framework/Versions/A/LoginUICore
0x00000000211e0000 	/usr/lib/libCoreStorage.dylib
0x00000000211e0000 	/usr/lib/libcsfde.dylib
0x00000000211e0000 	/usr/lib/libodfde.dylib
0x00000000211e0000 	/System/Library/Frameworks/DiscRecording.framework/Versions/A/DiscRecording
0x00000000211e0000 	/usr/lib/libcurl.4.dylib
0x00000000211e0000 	/System/Library/PrivateFrameworks/MediaKit.framework/Versions/A/MediaKit
0x00000000211e0000 	/System/Library/PrivateFrameworks/ProtectedCloudStorage.framework/Versions/A/ProtectedCloudStorage
0x00000000211e0000 	/System/Library/PrivateFrameworks/EFILogin.framework/Versions/A/EFILogin
0x00000000211e0000 	/usr/lib/libutil.dylib
0x00000000211e0000 	/System/Library/Frameworks/LDAP.framework/Versions/A/LDAP
0x00000000211e0000 	/usr/lib/libsasl2.2.dylib
0x00000000211e0000 	/System/Library/PrivateFrameworks/CoreDaemon.framework/Versions/B/CoreDaemon
0x00000000211e0000 	/System/Library/PrivateFrameworks/AppleSRP.framework/Versions/A/AppleSRP
0x00000000211e0000 	/System/Library/PrivateFrameworks/APFS.framework/Versions/A/APFS
0x0000000128eee000 	/Library/Java/JavaVirtualMachines/jdk1.8.0_161.jdk/Contents/Home/jre/lib/libfontmanager.dylib
0x000000012528b000 	/Library/Java/JavaVirtualMachines/jdk1.8.0_161.jdk/Contents/Home/jre/lib/libosxui.dylib
0x0000000129fd9000 	/Library/Java/JavaVirtualMachines/jdk1.8.0_161.jdk/Contents/Home/jre/lib/libnet.dylib
0x0000000129be9000 	/Library/Java/JavaVirtualMachines/jdk1.8.0_161.jdk/Contents/Home/jre/lib/libnio.dylib
0x00000000211e0000 	/System/Library/PrivateFrameworks/CloudDocs.framework/Versions/A/CloudDocs
0x00000000211e0000 	/System/Library/Frameworks/CloudKit.framework/Versions/A/CloudKit
0x00000000211e0000 	/System/Library/PrivateFrameworks/MMCS.framework/Versions/A/MMCS
0x00000000211e0000 	/System/Library/Frameworks/CoreLocation.framework/Versions/A/CoreLocation
0x00000000211e0000 	/System/Library/PrivateFrameworks/AssetCacheServices.framework/Versions/A/AssetCacheServices
0x00000000211e0000 	/System/Library/PrivateFrameworks/GeoServices.framework/Versions/A/GeoServices
0x000000015d6c3000 	/Library/Java/JavaVirtualMachines/jdk1.8.0_161.jdk/Contents/Home/jre/lib/libdcpr.dylib

VM Arguments:
java_command: HardwareSimulatorMain
java_class_path (initial): :bin/classes:BuiltIn:bin/lib/Hack.jar:bin/lib/HackGUI.jar:bin/lib/Simulators.jar:bin/lib/SimulatorsGUI.jar:bin/lib/Compilers.jar
Launcher Type: SUN_STANDARD

Environment Variables:
PATH=~/repos/nand2tetris/tools:/usr/local/opt/node@8/bin:/Users/xzpqlz/bin:/usr/local/opt/python3/bin:/usr/local/opt/mysql/bin:/usr/local/opt/coreutils/bin::/usr/local/bin:/usr/local/sbin:/usr/bin:/usr/sbin:/bin:/sbin:/Users/xzpqlz/repos/tools/aem_tools:/Users/xzpqlz/repos/tools/aem_tools/setup_aem:/Users/xzpqlz/repos/tools/build_tools:/Users/xzpqlz/repos/tools/git_tools:/Users/xzpqlz/repos/tools/git_tools/gitlab/scripts:/Users/xzpqlz/repos/tools/misc_tools
SHELL=/bin/bash

Signal Handlers:
SIGSEGV: [libjvm.dylib+0x5b5439], sa_mask[0]=11111111011111110111111111111111, sa_flags=SA_ONSTACK|SA_RESTART|SA_SIGINFO
SIGBUS: [libjvm.dylib+0x5b5439], sa_mask[0]=11111111011111110111111111111111, sa_flags=SA_RESTART|SA_SIGINFO
SIGFPE: [libjvm.dylib+0x48ae24], sa_mask[0]=11111111011111110111111111111111, sa_flags=SA_RESTART|SA_SIGINFO
SIGPIPE: [libjvm.dylib+0x48ae24], sa_mask[0]=11111111011111110111111111111111, sa_flags=SA_RESTART|SA_SIGINFO
SIGXFSZ: [libjvm.dylib+0x48ae24], sa_mask[0]=11111111011111110111111111111111, sa_flags=SA_RESTART|SA_SIGINFO
SIGILL: [libjvm.dylib+0x48ae24], sa_mask[0]=11111111011111110111111111111111, sa_flags=SA_RESTART|SA_SIGINFO
SIGUSR1: SIG_DFL, sa_mask[0]=11011111011111100000000111000110, sa_flags=none
SIGUSR2: [libjvm.dylib+0x48a942], sa_mask[0]=00000000000000000000000000000000, sa_flags=SA_RESTART|SA_SIGINFO
SIGHUP: [libjvm.dylib+0x488f0d], sa_mask[0]=11111111011111110111111111111111, sa_flags=SA_RESTART|SA_SIGINFO
SIGINT: SIG_IGN, sa_mask[0]=00000000000000000000000000000000, sa_flags=none
SIGTERM: [libjvm.dylib+0x488f0d], sa_mask[0]=11111111011111110111111111111111, sa_flags=SA_RESTART|SA_SIGINFO
SIGQUIT: [libjvm.dylib+0x488f0d], sa_mask[0]=11111111011111110111111111111111, sa_flags=SA_RESTART|SA_SIGINFO


---------------  S Y S T E M  ---------------

OS:Bsduname:Darwin 16.7.0 Darwin Kernel Version 16.7.0: Thu Jan 11 22:59:40 PST 2018; root:xnu-3789.73.8~1/RELEASE_X86_64 x86_64
rlimit: STACK 8192k, CORE 0k, NPROC 709, NOFILE 10240, AS infinity
load average:2.51 2.37 2.34

CPU:total 8 (initial active 8) (4 cores per cpu, 2 threads per core) family 6 model 70 stepping 1, cmov, cx8, fxsr, mmx, sse, sse2, sse3, ssse3, sse4.1, sse4.2, popcnt, avx, avx2, aes, clmul, erms, lzcnt, ht, tsc, tscinvbit, bmi1, bmi2

Memory: 4k page, physical 16777216k(18196k free)

/proc/meminfo:


vm_info: Java HotSpot(TM) 64-Bit Server VM (25.161-b12) for bsd-amd64 JRE (1.8.0_161-b12), built on Dec 19 2017 16:22:20 by "java_re" with gcc 4.2.1 (Based on Apple Inc. build 5658) (LLVM build 2336.11.00)

time: Mon Nov 26 15:39:31 2018
elapsed time: 185146 seconds (2d 3h 25m 46s)

